<?xml version="1.0" encoding="UTF-8"?>
<!-- Generated by org.testng.reporters.JUnitReportReporter -->
<testsuite skipped="0" hostname="Dagne" name="Sleniumclass.Newtest1" tests="1" failures="0" timestamp="22 Dec 2018 20:38:24 GMT" time="0.006" errors="0">
  <testcase name="f" time="0.006" classname="Sleniumclass.Newtest1"/>
</testsuite> <!-- Sleniumclass.Newtest1 -->
